{"/home/saki/uni/s3/eatn-dev/eatn/cashier_frontend/src/lib/Pill.svelte": {"path":"/home/saki/uni/s3/eatn-dev/eatn/cashier_frontend/src/lib/Pill.svelte","statementMap":{"0":{"start":{"line":12,"column":9},"end":{"line":12,"column":null}},"1":{"start":{"line":12,"column":17},"end":{"line":12,"column":null}},"2":{"start":{"line":11,"column":9},"end":{"line":11,"column":null}},"3":{"start":{"line":11,"column":12},"end":{"line":11,"column":null}},"4":{"start":{"line":9,"column":22},"end":{"line":9,"column":39}},"5":{"start":{"line":9,"column":95},"end":{"line":9,"column":144}},"6":{"start":{"line":9,"column":144},"end":{"line":9,"column":173}},"7":{"start":{"line":9,"column":0},"end":{"line":16,"column":null}},"8":{"start":{"line":2,"column":15},"end":{"line":2,"column":null}},"9":{"start":{"line":3,"column":30},"end":{"line":3,"column":null}},"10":{"start":{"line":4,"column":25},"end":{"line":4,"column":null}},"11":{"start":{"line":5,"column":18},"end":{"line":5,"column":26}},"12":{"start":{"line":6,"column":18},"end":{"line":6,"column":26}}},"fnMap":{},"branchMap":{"0":{"loc":{"start":{"line":12,"column":9},"end":{"line":12,"column":null}},"type":"if","locations":[{"start":{"line":12,"column":9},"end":{"line":12,"column":null}},{"start":{"line":12,"column":9},"end":{"line":12,"column":null}}]},"1":{"loc":{"start":{"line":12,"column":9},"end":{"line":12,"column":null}},"type":"binary-expr","locations":[{"start":{"line":12,"column":9},"end":{"line":12,"column":12}},{"start":{"line":12,"column":9},"end":{"line":12,"column":null}}]},"2":{"loc":{"start":{"line":11,"column":9},"end":{"line":11,"column":null}},"type":"if","locations":[{"start":{"line":11,"column":9},"end":{"line":11,"column":null}},{"start":{"line":11,"column":9},"end":{"line":11,"column":null}}]},"3":{"loc":{"start":{"line":9,"column":39},"end":{"line":9,"column":61}},"type":"cond-expr","locations":[{"start":{"line":9,"column":49},"end":{"line":9,"column":56}},{"start":{"line":9,"column":59},"end":{"line":9,"column":61}}]},"4":{"loc":{"start":{"line":9,"column":22},"end":{"line":9,"column":39}},"type":"binary-expr","locations":[{"start":{"line":9,"column":22},"end":{"line":9,"column":39}},{"start":{"line":9,"column":29},"end":{"line":9,"column":39}}]},"5":{"loc":{"start":{"line":9,"column":95},"end":{"line":9,"column":144}},"type":"binary-expr","locations":[{"start":{"line":9,"column":95},"end":{"line":9,"column":107}},{"start":{"line":9,"column":111},"end":{"line":9,"column":144}}]},"6":{"loc":{"start":{"line":9,"column":144},"end":{"line":9,"column":173}},"type":"binary-expr","locations":[{"start":{"line":9,"column":144},"end":{"line":9,"column":156}},{"start":{"line":9,"column":160},"end":{"line":9,"column":173}}]},"7":{"loc":{"start":{"line":9,"column":39},"end":{"line":9,"column":95}},"type":"binary-expr","locations":[{"start":{"line":9,"column":39},"end":{"line":9,"column":46}},{"start":{"line":9,"column":39},"end":{"line":9,"column":46}},{"start":{"line":9,"column":39},"end":{"line":9,"column":95}},{"start":{"line":9,"column":61},"end":{"line":9,"column":95}}]},"8":{"loc":{"start":{"line":9,"column":173},"end":{"line":9,"column":null}},"type":"binary-expr","locations":[{"start":{"line":9,"column":173},"end":{"line":9,"column":184}},{"start":{"line":9,"column":173},"end":{"line":9,"column":null}}]},"9":{"loc":{"start":{"line":3,"column":15},"end":{"line":3,"column":30}},"type":"default-arg","locations":[{"start":{"line":3,"column":25},"end":{"line":3,"column":30}}]},"10":{"loc":{"start":{"line":4,"column":15},"end":{"line":4,"column":null}},"type":"default-arg","locations":[{"start":{"line":4,"column":25},"end":{"line":4,"column":null}}]}},"s":{"0":9,"1":0,"2":12,"3":9,"4":72,"5":12,"6":12,"7":12,"8":12,"9":12,"10":12,"11":12,"12":12},"f":{},"b":{"0":[0,0],"1":[0,0],"2":[9,3],"3":[11,1],"4":[12,12],"5":[12,3],"6":[12,3],"7":[0,0,0,0],"8":[0,0],"9":[11],"10":[11]}}
,"/home/saki/uni/s3/eatn-dev/eatn/cashier_frontend/src/lib/TagDropdown.svelte": {"path":"/home/saki/uni/s3/eatn-dev/eatn/cashier_frontend/src/lib/TagDropdown.svelte","statementMap":{"0":{"start":{"line":47,"column":77},"end":{"line":47,"column":103}},"1":{"start":{"line":47,"column":20},"end":{"line":47,"column":null}},"2":{"start":{"line":45,"column":77},"end":{"line":45,"column":103}},"3":{"start":{"line":45,"column":20},"end":{"line":45,"column":null}},"4":{"start":{"line":44,"column":21},"end":{"line":44,"column":35}},"5":{"start":{"line":43,"column":12},"end":{"line":50,"column":null}},"6":{"start":{"line":49,"column":31},"end":{"line":49,"column":null}},"7":{"start":{"line":42,"column":15},"end":{"line":42,"column":null}},"8":{"start":{"line":42,"column":10},"end":{"line":42,"column":14}},"9":{"start":{"line":40,"column":0},"end":{"line":53,"column":null}},"10":{"start":{"line":41,"column":4},"end":{"line":52,"column":null}},"11":{"start":{"line":4,"column":15},"end":{"line":4,"column":null}},"12":{"start":{"line":5,"column":15},"end":{"line":5,"column":null}},"13":{"start":{"line":6,"column":15},"end":{"line":6,"column":null}},"14":{"start":{"line":7,"column":15},"end":{"line":7,"column":null}},"15":{"start":{"line":10,"column":22},"end":{"line":10,"column":null}},"16":{"start":{"line":11,"column":22},"end":{"line":12,"column":null}},"17":{"start":{"line":15,"column":18},"end":{"line":15,"column":null}},"18":{"start":{"line":20,"column":34},"end":{"line":20,"column":null}},"19":{"start":{"line":20,"column":49},"end":{"line":20,"column":62}},"20":{"start":{"line":21,"column":16},"end":{"line":21,"column":null}},"21":{"start":{"line":25,"column":16},"end":{"line":25,"column":null}},"22":{"start":{"line":25,"column":48},"end":{"line":25,"column":62}},"23":{"start":{"line":28,"column":12},"end":{"line":28,"column":null}},"24":{"start":{"line":30,"column":16},"end":{"line":31,"column":null}},"25":{"start":{"line":30,"column":21},"end":{"line":31,"column":null}},"26":{"start":{"line":34,"column":16},"end":{"line":35,"column":null}},"27":{"start":{"line":34,"column":21},"end":{"line":35,"column":null}},"28":{"start":{"line":44,"column":35},"end":{"line":44,"column":55}},"29":{"start":{"line":44,"column":40},"end":{"line":44,"column":55}},"30":{"start":{"line":45,"column":120},"end":{"line":45,"column":172}},"31":{"start":{"line":47,"column":120},"end":{"line":47,"column":164}}},"fnMap":{"0":{"name":"(anonymous_42)","decl":{"start":{"line":20,"column":44},"end":{"line":20,"column":45}},"loc":{"start":{"line":20,"column":49},"end":{"line":20,"column":62}}},"1":{"name":"(anonymous_43)","decl":{"start":{"line":25,"column":43},"end":{"line":25,"column":44}},"loc":{"start":{"line":25,"column":48},"end":{"line":25,"column":62}}},"2":{"name":"(anonymous_46)","decl":{"start":{"line":44,"column":35},"end":{"line":44,"column":36}},"loc":{"start":{"line":44,"column":40},"end":{"line":44,"column":55}}}},"branchMap":{"0":{"loc":{"start":{"line":47,"column":77},"end":{"line":47,"column":103}},"type":"binary-expr","locations":[{"start":{"line":47,"column":77},"end":{"line":47,"column":80}},{"start":{"line":47,"column":77},"end":{"line":47,"column":103}}]},"1":{"loc":{"start":{"line":45,"column":77},"end":{"line":45,"column":103}},"type":"binary-expr","locations":[{"start":{"line":45,"column":77},"end":{"line":45,"column":80}},{"start":{"line":45,"column":77},"end":{"line":45,"column":103}}]},"2":{"loc":{"start":{"line":44,"column":21},"end":{"line":44,"column":35}},"type":"if","locations":[{"start":{"line":44,"column":21},"end":{"line":44,"column":35}},{"start":{"line":44,"column":21},"end":{"line":44,"column":35}}]},"3":{"loc":{"start":{"line":49,"column":31},"end":{"line":49,"column":null}},"type":"if","locations":[{"start":{"line":49,"column":31},"end":{"line":49,"column":null}},{"start":{"line":49,"column":31},"end":{"line":49,"column":null}}]},"4":{"loc":{"start":{"line":30,"column":16},"end":{"line":31,"column":null}},"type":"if","locations":[{"start":{"line":30,"column":16},"end":{"line":31,"column":null}},{"start":{"line":30,"column":16},"end":{"line":31,"column":null}}]},"5":{"loc":{"start":{"line":34,"column":16},"end":{"line":35,"column":null}},"type":"if","locations":[{"start":{"line":34,"column":16},"end":{"line":35,"column":null}},{"start":{"line":34,"column":16},"end":{"line":35,"column":null}}]}},"s":{"0":7,"1":7,"2":3,"3":3,"4":24,"5":8,"6":4,"7":7,"8":5,"9":5,"10":5,"11":5,"12":5,"13":5,"14":5,"15":2,"16":2,"17":2,"18":1,"19":1,"20":1,"21":1,"22":1,"23":2,"24":2,"25":0,"26":0,"27":0,"28":5,"29":6,"30":1,"31":1},"f":{"0":1,"1":1,"2":6},"b":{"0":[2,0],"1":[0,0],"2":[12,0],"3":[0,4],"4":[0,2],"5":[0,0]}}
}
