TN:
SF:src/lib/Pill.svelte
FNF:0
FNH:0
DA:2,12
DA:3,12
DA:4,12
DA:5,12
DA:6,12
DA:9,72
DA:11,12
DA:12,9
LF:8
LH:8
BRDA:12,0,0,0
BRDA:12,0,1,0
BRDA:12,1,0,0
BRDA:12,1,1,0
BRDA:11,2,0,9
BRDA:11,2,1,3
BRDA:9,3,0,11
BRDA:9,3,1,1
BRDA:9,4,0,12
BRDA:9,4,1,12
BRDA:9,5,0,12
BRDA:9,5,1,3
BRDA:9,6,0,12
BRDA:9,6,1,3
BRDA:9,7,0,0
BRDA:9,7,1,0
BRDA:9,7,2,0
BRDA:9,7,3,0
BRDA:9,8,0,0
BRDA:9,8,1,0
BRDA:3,9,0,11
BRDA:4,10,0,11
BRF:22
BRH:12
end_of_record
TN:
SF:src/lib/TagDropdown.svelte
FN:20,(anonymous_42)
FN:25,(anonymous_43)
FN:44,(anonymous_46)
FNF:3
FNH:3
FNDA:1,(anonymous_42)
FNDA:1,(anonymous_43)
FNDA:6,(anonymous_46)
DA:4,5
DA:5,5
DA:6,5
DA:7,5
DA:10,2
DA:11,2
DA:15,2
DA:20,1
DA:21,1
DA:25,1
DA:28,2
DA:30,2
DA:34,0
DA:40,5
DA:41,5
DA:42,7
DA:43,8
DA:44,24
DA:45,3
DA:47,7
DA:49,4
LF:21
LH:20
BRDA:47,0,0,2
BRDA:47,0,1,0
BRDA:45,1,0,0
BRDA:45,1,1,0
BRDA:44,2,0,12
BRDA:44,2,1,0
BRDA:49,3,0,0
BRDA:49,3,1,4
BRDA:30,4,0,0
BRDA:30,4,1,2
BRDA:34,5,0,0
BRDA:34,5,1,0
BRF:12
BRH:4
end_of_record
